<?xml version="1.0" encoding="UTF-8"?>
<testng-results ignored="4" total="6" passed="1" failed="1" skipped="0">
  <reporter-output>
  </reporter-output>
  <suite started-at="2021-02-22T07:28:51Z" name="Suite" finished-at="2021-02-22T07:29:39Z" duration-ms="48283">
    <groups>
    </groups>
    <test started-at="2021-02-22T07:28:51Z" name="Test" finished-at="2021-02-22T07:29:39Z" duration-ms="48283">
      <class name="pom.testcases.TC001">
        <test-method is-config="true" signature="beforeSuite()[pri:0, instance:pom.testcases.TC001@50de186c]" started-at="2021-02-22T07:28:51Z" name="beforeSuite" finished-at="2021-02-22T07:28:51Z" duration-ms="289" status="PASS">
          <reporter-output>
          </reporter-output>
        </test-method> <!-- beforeSuite -->
        <test-method is-config="true" signature="beforeTest()[pri:0, instance:pom.testcases.TC001@50de186c]" started-at="2021-02-22T07:28:51Z" name="beforeTest" finished-at="2021-02-22T07:28:51Z" duration-ms="1" status="PASS">
          <reporter-output>
          </reporter-output>
        </test-method> <!-- beforeTest -->
        <test-method is-config="true" signature="setValues()[pri:0, instance:pom.testcases.TC001@50de186c]" started-at="2021-02-22T07:28:51Z" name="setValues" finished-at="2021-02-22T07:28:51Z" duration-ms="0" status="PASS">
          <reporter-output>
          </reporter-output>
        </test-method> <!-- setValues -->
        <test-method is-config="true" signature="beforeMethod()[pri:0, instance:pom.testcases.TC001@50de186c]" started-at="2021-02-22T07:28:51Z" name="beforeMethod" finished-at="2021-02-22T07:29:06Z" duration-ms="15515" status="PASS">
          <reporter-output>
          </reporter-output>
        </test-method> <!-- beforeMethod -->
        <test-method signature="LevrxPage()[pri:0, instance:pom.testcases.TC001@50de186c]" started-at="2021-02-22T07:29:06Z" name="LevrxPage" finished-at="2021-02-22T07:29:17Z" duration-ms="10638" status="FAIL">
          <exception class="org.openqa.selenium.NoSuchSessionException">
            <message>
              <![CDATA[invalid session id
Build info: version: '3.141.59', revision: 'e82be7d358', time: '2018-11-14T08:17:03'
System info: host: 'DESKTOP-7KGOR9A', ip: '10.11.84.88', os.name: 'Windows 10', os.arch: 'amd64', os.version: '10.0', java.version: '11.0.10'
Driver info: org.openqa.selenium.chrome.ChromeDriver
Capabilities {acceptInsecureCerts: false, browserName: chrome, browserVersion: 88.0.4324.182, chrome: {chromedriverVersion: 88.0.4324.96 (68dba2d8a0b14..., userDataDir: C:\Windows\TEMP\scoped_dir1...}, goog:chromeOptions: {debuggerAddress: localhost:49882}, javascriptEnabled: true, networkConnectionEnabled: false, pageLoadStrategy: normal, platform: WINDOWS, platformName: WINDOWS, proxy: Proxy(), setWindowRect: true, strictFileInteractability: false, timeouts: {implicit: 0, pageLoad: 300000, script: 30000}, unhandledPromptBehavior: dismiss and notify, webauthn:extension:largeBlob: true, webauthn:virtualAuthenticators: true}
Session ID: 293c10f15eec6f001c1f01047674858b]]>
            </message>
            <full-stacktrace>
              <![CDATA[org.openqa.selenium.NoSuchSessionException: invalid session id
Build info: version: '3.141.59', revision: 'e82be7d358', time: '2018-11-14T08:17:03'
System info: host: 'DESKTOP-7KGOR9A', ip: '10.11.84.88', os.name: 'Windows 10', os.arch: 'amd64', os.version: '10.0', java.version: '11.0.10'
Driver info: org.openqa.selenium.chrome.ChromeDriver
Capabilities {acceptInsecureCerts: false, browserName: chrome, browserVersion: 88.0.4324.182, chrome: {chromedriverVersion: 88.0.4324.96 (68dba2d8a0b14..., userDataDir: C:\Windows\TEMP\scoped_dir1...}, goog:chromeOptions: {debuggerAddress: localhost:49882}, javascriptEnabled: true, networkConnectionEnabled: false, pageLoadStrategy: normal, platform: WINDOWS, platformName: WINDOWS, proxy: Proxy(), setWindowRect: true, strictFileInteractability: false, timeouts: {implicit: 0, pageLoad: 300000, script: 30000}, unhandledPromptBehavior: dismiss and notify, webauthn:extension:largeBlob: true, webauthn:virtualAuthenticators: true}
Session ID: 293c10f15eec6f001c1f01047674858b
at java.base/jdk.internal.reflect.NativeConstructorAccessorImpl.newInstance0(Native Method)
at java.base/jdk.internal.reflect.NativeConstructorAccessorImpl.newInstance(NativeConstructorAccessorImpl.java:62)
at java.base/jdk.internal.reflect.DelegatingConstructorAccessorImpl.newInstance(DelegatingConstructorAccessorImpl.java:45)
at java.base/java.lang.reflect.Constructor.newInstance(Constructor.java:490)
at org.openqa.selenium.remote.http.W3CHttpResponseCodec.createException(W3CHttpResponseCodec.java:187)
at org.openqa.selenium.remote.http.W3CHttpResponseCodec.decode(W3CHttpResponseCodec.java:122)
at org.openqa.selenium.remote.http.W3CHttpResponseCodec.decode(W3CHttpResponseCodec.java:49)
at org.openqa.selenium.remote.HttpCommandExecutor.execute(HttpCommandExecutor.java:158)
at org.openqa.selenium.remote.service.DriverCommandExecutor.execute(DriverCommandExecutor.java:83)
at org.openqa.selenium.remote.RemoteWebDriver.execute(RemoteWebDriver.java:552)
at org.openqa.selenium.remote.RemoteWebDriver.execute(RemoteWebDriver.java:609)
at org.openqa.selenium.remote.RemoteWebDriver.getScreenshotAs(RemoteWebDriver.java:295)
at wrappers.GenericWrappers.takeSnap(GenericWrappers.java:475)
at utils.Reporter.logStatus(Reporter.java:33)
at wrappers.GenericWrappers.closeBrowser(GenericWrappers.java:307)
at pom.testcases.TC001.LevrxPage(TC001.java:31)
at java.base/jdk.internal.reflect.NativeMethodAccessorImpl.invoke0(Native Method)
at java.base/jdk.internal.reflect.NativeMethodAccessorImpl.invoke(NativeMethodAccessorImpl.java:62)
at java.base/jdk.internal.reflect.DelegatingMethodAccessorImpl.invoke(DelegatingMethodAccessorImpl.java:43)
at java.base/java.lang.reflect.Method.invoke(Method.java:566)
at org.testng.internal.MethodInvocationHelper.invokeMethod(MethodInvocationHelper.java:124)
at org.testng.internal.Invoker.invokeMethod(Invoker.java:583)
at org.testng.internal.Invoker.invokeTestMethod(Invoker.java:719)
at org.testng.internal.Invoker.invokeTestMethods(Invoker.java:989)
at org.testng.internal.TestMethodWorker.invokeTestMethods(TestMethodWorker.java:125)
at org.testng.internal.TestMethodWorker.run(TestMethodWorker.java:109)
at org.testng.TestRunner.privateRun(TestRunner.java:648)
at org.testng.TestRunner.run(TestRunner.java:505)
at org.testng.SuiteRunner.runTest(SuiteRunner.java:455)
at org.testng.SuiteRunner.runSequentially(SuiteRunner.java:450)
at org.testng.SuiteRunner.privateRun(SuiteRunner.java:415)
at org.testng.SuiteRunner.run(SuiteRunner.java:364)
at org.testng.SuiteRunnerWorker.runSuite(SuiteRunnerWorker.java:52)
at org.testng.SuiteRunnerWorker.run(SuiteRunnerWorker.java:84)
at org.testng.TestNG.runSuitesSequentially(TestNG.java:1208)
at org.testng.TestNG.runSuitesLocally(TestNG.java:1137)
at org.testng.TestNG.runSuites(TestNG.java:1049)
at org.testng.TestNG.run(TestNG.java:1017)
at org.apache.maven.surefire.testng.TestNGExecutor.run(TestNGExecutor.java:284)
at org.apache.maven.surefire.testng.TestNGXmlTestSuite.execute(TestNGXmlTestSuite.java:75)
at org.apache.maven.surefire.testng.TestNGProvider.invoke(TestNGProvider.java:119)
at org.apache.maven.surefire.booter.ForkedBooter.runSuitesInProcess(ForkedBooter.java:428)
at org.apache.maven.surefire.booter.ForkedBooter.execute(ForkedBooter.java:162)
at org.apache.maven.surefire.booter.ForkedBooter.run(ForkedBooter.java:562)
at org.apache.maven.surefire.booter.ForkedBooter.main(ForkedBooter.java:548)
]]>
            </full-stacktrace>
          </exception> <!-- org.openqa.selenium.NoSuchSessionException -->
          <reporter-output>
          </reporter-output>
        </test-method> <!-- LevrxPage -->
        <test-method is-config="true" signature="afterMethod()[pri:0, instance:pom.testcases.TC001@50de186c]" started-at="2021-02-22T07:29:17Z" name="afterMethod" finished-at="2021-02-22T07:29:18Z" duration-ms="535" status="PASS">
          <reporter-output>
          </reporter-output>
        </test-method> <!-- afterMethod -->
        <test-method is-config="true" signature="afterClass()[pri:0, instance:pom.testcases.TC001@50de186c]" started-at="2021-02-22T07:29:18Z" name="afterClass" finished-at="2021-02-22T07:29:18Z" duration-ms="3" status="PASS">
          <reporter-output>
          </reporter-output>
        </test-method> <!-- afterClass -->
        <test-method is-config="true" signature="afterTest()[pri:0, instance:pom.testcases.TC001@50de186c]" started-at="2021-02-22T07:29:39Z" name="afterTest" finished-at="2021-02-22T07:29:39Z" duration-ms="0" status="PASS">
          <reporter-output>
          </reporter-output>
        </test-method> <!-- afterTest -->
        <test-method is-config="true" signature="afterSuite()[pri:0, instance:pom.testcases.TC001@50de186c]" started-at="2021-02-22T07:29:39Z" name="afterSuite" finished-at="2021-02-22T07:29:41Z" duration-ms="1357" status="PASS">
          <reporter-output>
          </reporter-output>
        </test-method> <!-- afterSuite -->
      </class> <!-- pom.testcases.TC001 -->
      <class name="pom.testcases.TC002">
        <test-method is-config="true" signature="beforeMethod()[pri:0, instance:pom.testcases.TC002@3f57bcad]" started-at="2021-02-22T07:29:18Z" name="beforeMethod" finished-at="2021-02-22T07:29:33Z" duration-ms="15115" status="PASS">
          <reporter-output>
          </reporter-output>
        </test-method> <!-- beforeMethod -->
        <test-method is-config="true" signature="setValues()[pri:0, instance:pom.testcases.TC002@3f57bcad]" started-at="2021-02-22T07:29:18Z" name="setValues" finished-at="2021-02-22T07:29:18Z" duration-ms="0" status="PASS">
          <reporter-output>
          </reporter-output>
        </test-method> <!-- setValues -->
        <test-method signature="levrxPage1()[pri:1, instance:pom.testcases.TC002@3f57bcad]" started-at="2021-02-22T07:29:33Z" name="levrxPage1" finished-at="2021-02-22T07:29:38Z" duration-ms="5289" status="PASS">
          <reporter-output>
          </reporter-output>
        </test-method> <!-- levrxPage1 -->
        <test-method is-config="true" signature="afterMethod()[pri:0, instance:pom.testcases.TC002@3f57bcad]" started-at="2021-02-22T07:29:38Z" name="afterMethod" finished-at="2021-02-22T07:29:39Z" duration-ms="1130" status="PASS">
          <reporter-output>
          </reporter-output>
        </test-method> <!-- afterMethod -->
        <test-method is-config="true" signature="afterClass()[pri:0, instance:pom.testcases.TC002@3f57bcad]" started-at="2021-02-22T07:29:39Z" name="afterClass" finished-at="2021-02-22T07:29:39Z" duration-ms="1" status="PASS">
          <reporter-output>
          </reporter-output>
        </test-method> <!-- afterClass -->
      </class> <!-- pom.testcases.TC002 -->
    </test> <!-- Test -->
  </suite> <!-- Suite -->
</testng-results>
